<?xml version="1.0" encoding="UTF-8"?>
<!-- Generated by org.testng.reporters.JUnitReportReporter -->
<testsuite hostname="ESLLAP-3111" failures="0" tests="4" name="runner.TestRunner_SmartHospital" time="56.787" errors="0" timestamp="2023-11-27T11:15:25 IST" skipped="0">
  <testcase classname="runner.TestRunner_SmartHospital" name="runScenario" time="13.230"/>
  <testcase classname="runner.TestRunner_SmartHospital" name="runScenario" time="10.876"/>
  <testcase classname="runner.TestRunner_SmartHospital" name="runScenario" time="15.396"/>
  <testcase classname="runner.TestRunner_SmartHospital" name="runScenario" time="17.285"/>
</testsuite> <!-- runner.TestRunner_SmartHospital -->
