<?xml version="1.0" encoding="UTF-8"?>
<!-- Generated by org.testng.reporters.JUnitReportReporter -->
<testsuite hostname="ESLLAP-3111" failures="0" tests="4" name="runner.TestRunner_SmartHospital" time="64.231" errors="0" timestamp="2023-11-27T11:19:59 IST" skipped="0">
  <testcase classname="runner.TestRunner_SmartHospital" name="runScenario" time="17.223"/>
  <testcase classname="runner.TestRunner_SmartHospital" name="runScenario" time="12.225"/>
  <testcase classname="runner.TestRunner_SmartHospital" name="runScenario" time="19.880"/>
  <testcase classname="runner.TestRunner_SmartHospital" name="runScenario" time="14.903"/>
</testsuite> <!-- runner.TestRunner_SmartHospital -->
